<?xml version="1.0" encoding="utf-8" standalone="no"?>
<!--This file represents the results of running a test suite-->
<test-results name="C:\Users\JimmyPoor\Desktop\P\distribute\ServiceHeaven\MessageService\ServiceHeaven.MessageService\MessageService.Test\bin\Debug\MessageService.Test.exe" total="1" errors="0" failures="0" not-run="0" inconclusive="0" ignored="0" skipped="0" invalid="0" date="2016-03-22" time="17:15:17">
  <environment nunit-version="2.6.3.13283" clr-version="2.0.50727.8009" os-version="Microsoft Windows NT 6.2.9200.0" platform="Win32NT" cwd="C:\Users\JimmyPoor\Desktop\NUnit-2.6.3\bin" machine-name="JIMMYWOLF" user="JimmyPoor" user-domain="Jimmywolf" />
  <culture-info current-culture="zh-CN" current-uiculture="zh-CN" />
  <test-suite type="Assembly" name="C:\Users\JimmyPoor\Desktop\P\distribute\ServiceHeaven\MessageService\ServiceHeaven.MessageService\MessageService.Test\bin\Debug\MessageService.Test.exe" executed="True" result="Success" success="True" time="0.004" asserts="0">
    <results>
      <test-suite type="Namespace" name="MessageService" executed="True" result="Success" success="True" time="0.003" asserts="0">
        <results>
          <test-suite type="Namespace" name="Test" executed="True" result="Success" success="True" time="0.003" asserts="0">
            <results>
              <test-suite type="Namespace" name="Core" executed="True" result="Success" success="True" time="0.002" asserts="0">
                <results>
                  <test-suite type="TestFixture" name="EndpointTest" executed="True" result="Success" success="True" time="0.002" asserts="0">
                    <results>
                      <test-case name="MessageService.Test.Core.EndpointTest.Endpoint_send_test" executed="True" result="Success" success="True" time="0.000" asserts="0" />
                    </results>
                  </test-suite>
                </results>
              </test-suite>
            </results>
          </test-suite>
        </results>
      </test-suite>
    </results>
  </test-suite>
</test-results>